<?xml version="1.0" encoding="UTF-8"?>
<testsuite xmlns:xsi="http://www.w3.org/2001/XMLSchema-instance" xsi:noNamespaceSchemaLocation="https://maven.apache.org/surefire/maven-surefire-plugin/xsd/surefire-test-report-3.0.xsd" version="3.0" name="uma.ImprovedFactorialTest$TestCasesForIntValues" time="0.047" tests="7" errors="0" skipped="0" failures="0">
  <properties>
[...]
</properties>
  <testcase name="theComputeMethodReturnsAValidResult(int, int)[1]" classname="uma.ImprovedFactorialTest$TestCasesForIntValues" time="0"/>
  <testcase name="theComputeMethodReturnsAValidResult(int, int)[2]" classname="uma.ImprovedFactorialTest$TestCasesForIntValues" time="0"/>
  <testcase name="theComputeMethodReturnsAValidResult(int, int)[3]" classname="uma.ImprovedFactorialTest$TestCasesForIntValues" time="0"/>
  <testcase name="theComputeMethodReturnsAValidResult(int, int)[4]" classname="uma.ImprovedFactorialTest$TestCasesForIntValues" time="0"/>
  <testcase name="theComputeMethodReturnsAValidResult(int, int)[5]" classname="uma.ImprovedFactorialTest$TestCasesForIntValues" time="0"/>
  <testcase name="theComputeMethodReturnsAValidResult(int, int)[6]" classname="uma.ImprovedFactorialTest$TestCasesForIntValues" time="0.016"/>
  <testcase name="testThrownExceptions" classname="uma.ImprovedFactorialTest$TestCasesForIntValues" time="0"/>
</testsuite>